2022-07-15 18:21:26 INFO  Log:11 - =====================================LoginTest TEST START=========================================
2022-07-15 18:21:32 INFO  Log:22 - Clicked on SignIn button
2022-07-15 18:21:35 INFO  Log:22 - Entered username and password
2022-07-15 18:21:35 INFO  Log:15 - =====================================LoginTest TEST END=========================================
2022-07-17 08:32:37 INFO  Log:11 - =====================================LoginTest TEST START=========================================
2022-07-17 08:32:41 INFO  Log:22 - Clicked on SignIn button
2022-07-17 08:32:45 INFO  Log:22 - Entered username and password
2022-07-17 08:32:45 INFO  Log:15 - =====================================LoginTest TEST END=========================================
2022-07-17 08:37:58 INFO  Log:11 - =====================================LoginTest TEST START=========================================
2022-07-17 08:38:02 INFO  Log:22 - Clicked on SignIn button
2022-07-17 08:38:05 INFO  Log:22 - Entered username and password
2022-07-17 08:38:05 INFO  Log:15 - =====================================LoginTest TEST END=========================================
2022-07-17 08:38:13 INFO  Log:11 - =====================================LoginTest TEST START=========================================
2022-07-17 08:38:17 INFO  Log:22 - Clicked on SignIn button
2022-07-17 08:38:19 INFO  Log:22 - Entered username and password
2022-07-17 08:38:19 INFO  Log:15 - =====================================LoginTest TEST END=========================================
2022-07-17 08:38:26 INFO  Log:11 - =====================================LoginTest TEST START=========================================
2022-07-17 08:38:30 INFO  Log:22 - Clicked on SignIn button
2022-07-17 08:38:32 INFO  Log:22 - Entered username and password
2022-07-18 09:18:21 INFO  Log:11 - =====================================Create Account Testcase TEST START=========================================
2022-07-18 09:18:34 INFO  Log:11 - =====================================Create Account Testcase TEST START=========================================
2022-07-18 09:18:46 INFO  Log:11 - =====================================Create Account Testcase TEST START=========================================
2022-07-18 09:23:46 INFO  Log:11 - =====================================Create Account Testcase TEST START=========================================
2022-07-18 09:24:00 INFO  Log:11 - =====================================Create Account Testcase TEST START=========================================
2022-07-18 09:24:14 INFO  Log:11 - =====================================Create Account Testcase TEST START=========================================
2022-07-18 09:27:10 INFO  Log:11 - =====================================Create Account Testcase TEST START=========================================
2022-07-18 09:27:26 INFO  Log:11 - =====================================Create Account Testcase TEST START=========================================
2022-07-18 09:27:41 INFO  Log:11 - =====================================Create Account Testcase TEST START=========================================
2022-07-18 09:29:35 INFO  Log:11 - =====================================Create Account Testcase TEST START=========================================
2022-07-18 09:30:01 INFO  Log:11 - =====================================Create Account Testcase TEST START=========================================
2022-07-18 09:30:24 INFO  Log:11 - =====================================Create Account Testcase TEST START=========================================
2022-07-18 09:34:59 INFO  Log:11 - =====================================Create Account Testcase TEST START=========================================
2022-07-18 09:35:26 INFO  Log:11 - =====================================Create Account Testcase TEST START=========================================
2022-07-18 09:35:54 INFO  Log:11 - =====================================Create Account Testcase TEST START=========================================
2022-07-20 06:15:35 INFO  Log:11 - =====================================Create Account Testcase TEST START=========================================
2022-07-20 06:15:58 INFO  Log:11 - =====================================Create Account Testcase TEST START=========================================
2022-07-20 06:16:23 INFO  Log:11 - =====================================Create Account Testcase TEST START=========================================
2022-07-20 06:19:49 INFO  Log:11 - =====================================Create Account Testcase TEST START=========================================
2022-07-20 06:20:12 INFO  Log:11 - =====================================Create Account Testcase TEST START=========================================
2022-07-20 06:20:35 INFO  Log:11 - =====================================Create Account Testcase TEST START=========================================
2022-07-20 06:23:36 INFO  Log:11 - =====================================Create Account Testcase TEST START=========================================
2022-07-20 06:24:00 INFO  Log:11 - =====================================Create Account Testcase TEST START=========================================
2022-07-20 06:24:26 INFO  Log:11 - =====================================Create Account Testcase TEST START=========================================
2022-07-20 06:26:30 INFO  Log:11 - =====================================Create Account Testcase TEST START=========================================
2022-07-20 06:26:52 INFO  Log:11 - =====================================Create Account Testcase TEST START=========================================
2022-07-20 06:27:15 INFO  Log:11 - =====================================Create Account Testcase TEST START=========================================
2022-07-20 06:35:31 INFO  Log:11 - =====================================Create Account Testcase TEST START=========================================
2022-07-20 06:35:57 INFO  Log:11 - =====================================Create Account Testcase TEST START=========================================
2022-07-20 06:36:21 INFO  Log:11 - =====================================Create Account Testcase TEST START=========================================
2022-07-20 06:38:43 INFO  Log:11 - =====================================Create Account Testcase TEST START=========================================
2022-07-20 06:38:54 INFO  Log:15 - =====================================createAccountTest TEST END=========================================
2022-07-20 06:39:02 INFO  Log:11 - =====================================Create Account Testcase TEST START=========================================
2022-07-20 06:39:13 INFO  Log:15 - =====================================createAccountTest TEST END=========================================
2022-07-20 06:39:21 INFO  Log:11 - =====================================Create Account Testcase TEST START=========================================
2022-07-20 06:39:32 INFO  Log:15 - =====================================createAccountTest TEST END=========================================
2022-07-20 06:41:30 INFO  Log:11 - =====================================Create Account Testcase TEST START=========================================
2022-07-20 06:41:59 INFO  Log:11 - =====================================Create Account Testcase TEST START=========================================
2022-07-20 06:42:23 INFO  Log:11 - =====================================Create Account Testcase TEST START=========================================
2022-07-20 06:46:05 INFO  Log:11 - =====================================Create Account Testcase TEST START=========================================
2022-07-20 06:46:27 INFO  Log:11 - =====================================Create Account Testcase TEST START=========================================
2022-07-20 06:46:50 INFO  Log:11 - =====================================Create Account Testcase TEST START=========================================
2022-07-20 06:48:50 INFO  Log:11 - =====================================Create Account Testcase TEST START=========================================
2022-07-20 06:49:05 INFO  Log:15 - =====================================createAccountTest TEST END=========================================
2022-07-20 06:49:14 INFO  Log:11 - =====================================Create Account Testcase TEST START=========================================
2022-07-20 06:49:35 INFO  Log:15 - =====================================createAccountTest TEST END=========================================
2022-07-20 06:49:42 INFO  Log:11 - =====================================Create Account Testcase TEST START=========================================
2022-07-20 06:50:08 INFO  Log:15 - =====================================createAccountTest TEST END=========================================
2022-07-20 07:07:28 INFO  Log:11 - =====================================Create Account Testcase TEST START=========================================
2022-07-20 07:07:31 INFO  Log:11 - =====================================Create Account Testcase TEST START=========================================
2022-07-20 07:08:09 INFO  Log:11 - =====================================Create Account Testcase TEST START=========================================
2022-07-20 07:11:10 INFO  Log:11 - =====================================LoginTest TEST START=========================================
2022-07-20 07:11:15 INFO  Log:22 - Clicked on SignIn button
2022-07-20 07:11:17 INFO  Log:22 - Entered username and password
2022-07-20 07:11:17 INFO  Log:15 - =====================================LoginTest TEST END=========================================
2022-07-20 07:11:26 INFO  Log:11 - =====================================LoginTest TEST START=========================================
2022-07-20 07:11:30 INFO  Log:22 - Clicked on SignIn button
2022-07-20 07:11:33 INFO  Log:22 - Entered username and password
2022-07-20 07:11:33 INFO  Log:15 - =====================================LoginTest TEST END=========================================
2022-07-20 07:11:40 INFO  Log:11 - =====================================LoginTest TEST START=========================================
2022-07-20 07:11:46 INFO  Log:22 - Clicked on SignIn button
2022-07-20 07:11:48 INFO  Log:22 - Entered username and password
2022-07-22 00:11:15 INFO  Log:11 - =====================================LoginTest TEST START=========================================
2022-07-22 00:11:38 INFO  Log:11 - =====================================LoginTest TEST START=========================================
2022-07-22 00:12:08 INFO  Log:22 - Clicked on SignIn button
2022-07-22 00:12:09 INFO  Log:22 - Entered username and password
2022-07-22 00:12:12 INFO  Log:11 - =====================================LoginTest TEST START=========================================
2022-07-22 00:16:12 INFO  Log:11 - =====================================LoginTest TEST START=========================================
2022-07-22 00:16:29 INFO  Log:11 - =====================================LoginTest TEST START=========================================
2022-07-22 00:16:56 INFO  Log:22 - Clicked on SignIn button
2022-07-22 00:17:14 INFO  Log:22 - Entered username and password
2022-07-22 00:17:14 INFO  Log:15 - =====================================LoginTest TEST END=========================================
2022-07-22 00:17:33 INFO  Log:11 - =====================================LoginTest TEST START=========================================
2022-07-22 00:17:52 INFO  Log:22 - Clicked on SignIn button
2022-07-22 00:18:01 INFO  Log:22 - Entered username and password
2022-07-22 12:23:08 INFO  Log:11 - =====================================LoginTest TEST START=========================================
2022-07-22 12:23:16 INFO  Log:22 - Clicked on SignIn button
2022-07-22 12:23:19 INFO  Log:22 - Entered username and password
2022-07-22 12:23:19 INFO  Log:15 - =====================================LoginTest TEST END=========================================
2022-07-22 12:23:30 INFO  Log:11 - =====================================LoginTest TEST START=========================================
2022-07-22 12:23:38 INFO  Log:22 - Clicked on SignIn button
2022-07-22 12:23:42 INFO  Log:22 - Entered username and password
2022-07-22 12:23:42 INFO  Log:15 - =====================================LoginTest TEST END=========================================
2022-07-22 12:23:53 INFO  Log:11 - =====================================LoginTest TEST START=========================================
2022-07-22 12:24:03 INFO  Log:22 - Clicked on SignIn button
2022-07-22 12:24:05 INFO  Log:22 - Entered username and password
2022-07-22 18:55:06 INFO  Log:11 - =====================================Create Account Testcase TEST START=========================================
2022-07-22 18:55:50 INFO  Log:11 - =====================================Create Account Testcase TEST START=========================================
2022-07-22 18:56:12 INFO  Log:11 - =====================================Create Account Testcase TEST START=========================================
2022-07-22 19:00:24 INFO  Log:11 - =====================================LoginTest TEST START=========================================
2022-07-22 19:00:38 INFO  Log:22 - Clicked on SignIn button
2022-07-22 19:00:43 INFO  Log:22 - Entered username and password
2022-07-22 19:00:43 INFO  Log:15 - =====================================LoginTest TEST END=========================================
2022-07-22 19:00:53 INFO  Log:11 - =====================================LoginTest TEST START=========================================
2022-07-22 19:01:06 INFO  Log:22 - Clicked on SignIn button
2022-07-22 19:01:17 INFO  Log:22 - Entered username and password
2022-07-22 19:01:17 INFO  Log:15 - =====================================LoginTest TEST END=========================================
2022-07-22 19:01:34 INFO  Log:11 - =====================================LoginTest TEST START=========================================
2022-07-22 19:01:41 INFO  Log:22 - Clicked on SignIn button
2022-07-22 19:01:45 INFO  Log:22 - Entered username and password
2022-07-22 19:02:15 DEBUG cache:45 - Couldn't find template in cache for "v3html/v3-html-index.ftl"("en", UTF-8, parsed); will try to load it.
2022-07-22 19:02:15 DEBUG cache:45 - TemplateLoader.findTemplateSource("v3html/v3-html-index_en.ftl"): Not found
2022-07-22 19:02:15 DEBUG cache:45 - TemplateLoader.findTemplateSource("v3html/v3-html-index.ftl"): Found
2022-07-22 19:02:15 DEBUG cache:45 - Loading template for "v3html/v3-html-index.ftl"("en", UTF-8, parsed) from "jar:file:/C:/Users/Labuser/.m2/repository/com/aventstack/extentreports/4.0.9/extentreports-4.0.9.jar!/com/aventstack/extentreports/view/v3html/v3-html-index.ftl"
2022-07-22 19:02:15 DEBUG cache:45 - Couldn't find template in cache for "v3html/v3-html-head.ftl"("en", UTF-8, parsed); will try to load it.
2022-07-22 19:02:15 DEBUG cache:45 - TemplateLoader.findTemplateSource("v3html/v3-html-head_en.ftl"): Not found
2022-07-22 19:02:15 DEBUG cache:45 - TemplateLoader.findTemplateSource("v3html/v3-html-head.ftl"): Found
2022-07-22 19:02:15 DEBUG cache:45 - Loading template for "v3html/v3-html-head.ftl"("en", UTF-8, parsed) from "jar:file:/C:/Users/Labuser/.m2/repository/com/aventstack/extentreports/4.0.9/extentreports-4.0.9.jar!/com/aventstack/extentreports/view/v3html/v3-html-head.ftl"
2022-07-22 19:02:15 DEBUG cache:45 - Couldn't find template in cache for "v3html/v3-html-nav.ftl"("en", UTF-8, parsed); will try to load it.
2022-07-22 19:02:15 DEBUG cache:45 - TemplateLoader.findTemplateSource("v3html/v3-html-nav_en.ftl"): Not found
2022-07-22 19:02:15 DEBUG cache:45 - TemplateLoader.findTemplateSource("v3html/v3-html-nav.ftl"): Found
2022-07-22 19:02:15 DEBUG cache:45 - Loading template for "v3html/v3-html-nav.ftl"("en", UTF-8, parsed) from "jar:file:/C:/Users/Labuser/.m2/repository/com/aventstack/extentreports/4.0.9/extentreports-4.0.9.jar!/com/aventstack/extentreports/view/v3html/v3-html-nav.ftl"
2022-07-22 19:02:15 DEBUG cache:45 - Couldn't find template in cache for "v3html/test-view/v3-html-test-view.ftl"("en", UTF-8, parsed); will try to load it.
2022-07-22 19:02:15 DEBUG cache:45 - TemplateLoader.findTemplateSource("v3html/test-view/v3-html-test-view_en.ftl"): Not found
2022-07-22 19:02:15 DEBUG cache:45 - TemplateLoader.findTemplateSource("v3html/test-view/v3-html-test-view.ftl"): Found
2022-07-22 19:02:15 DEBUG cache:45 - Loading template for "v3html/test-view/v3-html-test-view.ftl"("en", UTF-8, parsed) from "jar:file:/C:/Users/Labuser/.m2/repository/com/aventstack/extentreports/4.0.9/extentreports-4.0.9.jar!/com/aventstack/extentreports/view/v3html/test-view/v3-html-test-view.ftl"
2022-07-22 19:02:15 DEBUG cache:45 - Couldn't find template in cache for "v3html/test-view/v3-html-test-view-charts.ftl"("en", UTF-8, parsed); will try to load it.
2022-07-22 19:02:15 DEBUG cache:45 - TemplateLoader.findTemplateSource("v3html/test-view/v3-html-test-view-charts_en.ftl"): Not found
2022-07-22 19:02:15 DEBUG cache:45 - TemplateLoader.findTemplateSource("v3html/test-view/v3-html-test-view-charts.ftl"): Found
2022-07-22 19:02:15 DEBUG cache:45 - Loading template for "v3html/test-view/v3-html-test-view-charts.ftl"("en", UTF-8, parsed) from "jar:file:/C:/Users/Labuser/.m2/repository/com/aventstack/extentreports/4.0.9/extentreports-4.0.9.jar!/com/aventstack/extentreports/view/v3html/test-view/v3-html-test-view-charts.ftl"
2022-07-22 19:02:15 DEBUG cache:45 - Couldn't find template in cache for "v3html/test-view/v3-html-standard.ftl"("en", UTF-8, parsed); will try to load it.
2022-07-22 19:02:15 DEBUG cache:45 - TemplateLoader.findTemplateSource("v3html/test-view/v3-html-standard_en.ftl"): Not found
2022-07-22 19:02:15 DEBUG cache:45 - TemplateLoader.findTemplateSource("v3html/test-view/v3-html-standard.ftl"): Found
2022-07-22 19:02:15 DEBUG cache:45 - Loading template for "v3html/test-view/v3-html-standard.ftl"("en", UTF-8, parsed) from "jar:file:/C:/Users/Labuser/.m2/repository/com/aventstack/extentreports/4.0.9/extentreports-4.0.9.jar!/com/aventstack/extentreports/view/v3html/test-view/v3-html-standard.ftl"
2022-07-22 19:02:15 DEBUG cache:45 - "v3html/test-view/v3-html-standard.ftl"("en", UTF-8, parsed) cached copy not yet stale; using cached.
2022-07-22 19:02:15 DEBUG cache:45 - "v3html/test-view/v3-html-standard.ftl"("en", UTF-8, parsed) cached copy not yet stale; using cached.
2022-07-22 19:02:15 DEBUG cache:45 - "v3html/test-view/v3-html-standard.ftl"("en", UTF-8, parsed) cached copy not yet stale; using cached.
2022-07-22 19:02:15 DEBUG cache:45 - "v3html/test-view/v3-html-standard.ftl"("en", UTF-8, parsed) cached copy not yet stale; using cached.
2022-07-22 19:02:15 DEBUG cache:45 - "v3html/test-view/v3-html-standard.ftl"("en", UTF-8, parsed) cached copy not yet stale; using cached.
2022-07-22 19:02:15 DEBUG cache:45 - "v3html/test-view/v3-html-standard.ftl"("en", UTF-8, parsed) cached copy not yet stale; using cached.
2022-07-22 19:02:15 DEBUG cache:45 - "v3html/test-view/v3-html-standard.ftl"("en", UTF-8, parsed) cached copy not yet stale; using cached.
2022-07-22 19:02:15 DEBUG cache:45 - "v3html/test-view/v3-html-standard.ftl"("en", UTF-8, parsed) cached copy not yet stale; using cached.
2022-07-22 19:02:15 DEBUG cache:45 - "v3html/test-view/v3-html-standard.ftl"("en", UTF-8, parsed) cached copy not yet stale; using cached.
2022-07-22 19:02:15 DEBUG cache:45 - "v3html/test-view/v3-html-standard.ftl"("en", UTF-8, parsed) cached copy not yet stale; using cached.
2022-07-22 19:02:15 DEBUG cache:45 - "v3html/test-view/v3-html-standard.ftl"("en", UTF-8, parsed) cached copy not yet stale; using cached.
2022-07-22 19:02:15 DEBUG cache:45 - "v3html/test-view/v3-html-standard.ftl"("en", UTF-8, parsed) cached copy not yet stale; using cached.
2022-07-22 19:02:15 DEBUG cache:45 - "v3html/test-view/v3-html-standard.ftl"("en", UTF-8, parsed) cached copy not yet stale; using cached.
2022-07-22 19:02:15 DEBUG cache:45 - "v3html/test-view/v3-html-standard.ftl"("en", UTF-8, parsed) cached copy not yet stale; using cached.
2022-07-22 19:02:15 DEBUG cache:45 - Couldn't find template in cache for "v3html/category-view/v3-html-category-view.ftl"("en", UTF-8, parsed); will try to load it.
2022-07-22 19:02:15 DEBUG cache:45 - TemplateLoader.findTemplateSource("v3html/category-view/v3-html-category-view_en.ftl"): Not found
2022-07-22 19:02:15 DEBUG cache:45 - TemplateLoader.findTemplateSource("v3html/category-view/v3-html-category-view.ftl"): Found
2022-07-22 19:02:15 DEBUG cache:45 - Loading template for "v3html/category-view/v3-html-category-view.ftl"("en", UTF-8, parsed) from "jar:file:/C:/Users/Labuser/.m2/repository/com/aventstack/extentreports/4.0.9/extentreports-4.0.9.jar!/com/aventstack/extentreports/view/v3html/category-view/v3-html-category-view.ftl"
2022-07-22 19:02:15 DEBUG cache:45 - Couldn't find template in cache for "v3html/exception-view/v3-html-exception-view.ftl"("en", UTF-8, parsed); will try to load it.
2022-07-22 19:02:15 DEBUG cache:45 - TemplateLoader.findTemplateSource("v3html/exception-view/v3-html-exception-view_en.ftl"): Not found
2022-07-22 19:02:15 DEBUG cache:45 - TemplateLoader.findTemplateSource("v3html/exception-view/v3-html-exception-view.ftl"): Found
2022-07-22 19:02:15 DEBUG cache:45 - Loading template for "v3html/exception-view/v3-html-exception-view.ftl"("en", UTF-8, parsed) from "jar:file:/C:/Users/Labuser/.m2/repository/com/aventstack/extentreports/4.0.9/extentreports-4.0.9.jar!/com/aventstack/extentreports/view/v3html/exception-view/v3-html-exception-view.ftl"
2022-07-22 19:02:15 DEBUG cache:45 - Couldn't find template in cache for "v3html/author-view/v3-html-author-view.ftl"("en", UTF-8, parsed); will try to load it.
2022-07-22 19:02:15 DEBUG cache:45 - TemplateLoader.findTemplateSource("v3html/author-view/v3-html-author-view_en.ftl"): Not found
2022-07-22 19:02:15 DEBUG cache:45 - TemplateLoader.findTemplateSource("v3html/author-view/v3-html-author-view.ftl"): Found
2022-07-22 19:02:15 DEBUG cache:45 - Loading template for "v3html/author-view/v3-html-author-view.ftl"("en", UTF-8, parsed) from "jar:file:/C:/Users/Labuser/.m2/repository/com/aventstack/extentreports/4.0.9/extentreports-4.0.9.jar!/com/aventstack/extentreports/view/v3html/author-view/v3-html-author-view.ftl"
2022-07-22 19:02:15 DEBUG cache:45 - Couldn't find template in cache for "v3html/dashboard-view/v3-html-dashboard-view.ftl"("en", UTF-8, parsed); will try to load it.
2022-07-22 19:02:15 DEBUG cache:45 - TemplateLoader.findTemplateSource("v3html/dashboard-view/v3-html-dashboard-view_en.ftl"): Not found
2022-07-22 19:02:15 DEBUG cache:45 - TemplateLoader.findTemplateSource("v3html/dashboard-view/v3-html-dashboard-view.ftl"): Found
2022-07-22 19:02:15 DEBUG cache:45 - Loading template for "v3html/dashboard-view/v3-html-dashboard-view.ftl"("en", UTF-8, parsed) from "jar:file:/C:/Users/Labuser/.m2/repository/com/aventstack/extentreports/4.0.9/extentreports-4.0.9.jar!/com/aventstack/extentreports/view/v3html/dashboard-view/v3-html-dashboard-view.ftl"
2022-07-22 19:02:15 DEBUG cache:45 - Couldn't find template in cache for "v3html/logs-view/v3-html-testrunner-logs-view.ftl"("en", UTF-8, parsed); will try to load it.
2022-07-22 19:02:15 DEBUG cache:45 - TemplateLoader.findTemplateSource("v3html/logs-view/v3-html-testrunner-logs-view_en.ftl"): Not found
2022-07-22 19:02:15 DEBUG cache:45 - TemplateLoader.findTemplateSource("v3html/logs-view/v3-html-testrunner-logs-view.ftl"): Found
2022-07-22 19:02:15 DEBUG cache:45 - Loading template for "v3html/logs-view/v3-html-testrunner-logs-view.ftl"("en", UTF-8, parsed) from "jar:file:/C:/Users/Labuser/.m2/repository/com/aventstack/extentreports/4.0.9/extentreports-4.0.9.jar!/com/aventstack/extentreports/view/v3html/logs-view/v3-html-testrunner-logs-view.ftl"
